27-05-2022 11:10 [INFO][restartedMain][c.e.a.AddressbookspringApplication:55] Starting AddressbookspringApplication using Java 14.0.2 on ASUS-Vivobook-S430FA with PID 12916 (C:\Users\priya\IdeaProjects\Addressbookspring\target\classes started by priya in C:\Users\priya\IdeaProjects\Addressbookspring)
27-05-2022 11:10 [INFO][restartedMain][c.e.a.AddressbookspringApplication:640] The following 1 profile is active: "dev"
27-05-2022 11:10 [INFO][restartedMain][o.s.b.d.e.DevToolsPropertyDefaultsPostProcessor:255] Devtools property defaults active! Set 'spring.devtools.add-properties' to 'false' to disable
27-05-2022 11:10 [INFO][restartedMain][o.s.b.d.e.DevToolsPropertyDefaultsPostProcessor:255] For additional web related logging consider setting the 'logging.level.web' property to 'DEBUG'
27-05-2022 11:10 [INFO][restartedMain][o.s.d.r.c.RepositoryConfigurationDelegate:132] Bootstrapping Spring Data JPA repositories in DEFAULT mode.
27-05-2022 11:10 [INFO][restartedMain][o.s.d.r.c.RepositoryConfigurationDelegate:201] Finished Spring Data repository scanning in 128 ms. Found 1 JPA repository interfaces.
27-05-2022 11:10 [INFO][restartedMain][o.s.b.w.e.t.TomcatWebServer:108] Tomcat initialized with port(s): 8075 (http)
27-05-2022 11:10 [INFO][restartedMain][o.a.c.c.StandardService:173] Starting service [Tomcat]
27-05-2022 11:10 [INFO][restartedMain][o.a.c.c.StandardEngine:173] Starting Servlet engine: [Apache Tomcat/9.0.63]
27-05-2022 11:10 [INFO][restartedMain][o.a.c.c.C.[.[.[/]:173] Initializing Spring embedded WebApplicationContext
27-05-2022 11:10 [INFO][restartedMain][o.s.b.w.s.c.ServletWebServerApplicationContext:292] Root WebApplicationContext: initialization completed in 2724 ms
27-05-2022 11:10 [INFO][restartedMain][o.h.j.i.u.LogHelper:31] HHH000204: Processing PersistenceUnitInfo [name: default]
27-05-2022 11:10 [INFO][restartedMain][o.h.Version:44] HHH000412: Hibernate ORM core version 5.6.9.Final
27-05-2022 11:10 [INFO][restartedMain][o.h.a.c.Version:56] HCANN000001: Hibernate Commons Annotations {5.1.2.Final}
27-05-2022 11:10 [INFO][restartedMain][c.z.h.HikariDataSource:110] HikariPool-1 - Starting...
27-05-2022 11:10 [INFO][restartedMain][c.z.h.HikariDataSource:123] HikariPool-1 - Start completed.
27-05-2022 11:10 [INFO][restartedMain][o.h.d.Dialect:175] HHH000400: Using dialect: org.hibernate.dialect.MySQL5Dialect
27-05-2022 11:10 [INFO][restartedMain][o.h.e.t.j.p.i.JtaPlatformInitiator:52] HHH000490: Using JtaPlatform implementation: [org.hibernate.engine.transaction.jta.platform.internal.NoJtaPlatform]
27-05-2022 11:10 [INFO][restartedMain][o.s.o.j.LocalContainerEntityManagerFactoryBean:437] Initialized JPA EntityManagerFactory for persistence unit 'default'
27-05-2022 11:10 [WARN][restartedMain][o.s.b.a.o.j.JpaBaseConfiguration$JpaWebConfiguration:219] spring.jpa.open-in-view is enabled by default. Therefore, database queries may be performed during view rendering. Explicitly configure spring.jpa.open-in-view to disable this warning
27-05-2022 11:10 [INFO][restartedMain][o.s.b.d.a.OptionalLiveReloadServer:58] LiveReload server is running on port 35729
27-05-2022 11:10 [INFO][restartedMain][o.s.b.w.e.t.TomcatWebServer:220] Tomcat started on port(s): 8075 (http) with context path ''
